<?xml version="1.0" encoding="UTF-8"?>
<testng-results ignored="0" total="2" passed="2" failed="0" skipped="0">
  <reporter-output>
  </reporter-output>
  <suite started-at="2020-02-26T11:12:10 EST" name="Default suite" finished-at="2020-02-26T11:12:40 EST" duration-ms="30608">
    <groups>
    </groups>
    <test started-at="2020-02-26T11:12:10 EST" name="Default test" finished-at="2020-02-26T11:12:40 EST" duration-ms="30608">
      <class name="com.app.testcases.LoginPageTest">
        <test-method is-config="true" signature="setUp()[pri:0, instance:com.app.testcases.LoginPageTest@5e4c8041]" started-at="2020-02-26T11:12:10 EST" name="setUp" finished-at="2020-02-26T11:12:24 EST" duration-ms="14388" status="PASS">
          <reporter-output>
          </reporter-output>
        </test-method> <!-- setUp -->
        <test-method signature="verify_loginpageTitle()[pri:1, instance:com.app.testcases.LoginPageTest@5e4c8041]" started-at="2020-02-26T11:12:24 EST" name="verify_loginpageTitle" finished-at="2020-02-26T11:12:24 EST" duration-ms="27" status="PASS">
          <reporter-output>
          </reporter-output>
        </test-method> <!-- verify_loginpageTitle -->
        <test-method is-config="true" signature="tearDown()[pri:0, instance:com.app.testcases.LoginPageTest@5e4c8041]" started-at="2020-02-26T11:12:24 EST" name="tearDown" finished-at="2020-02-26T11:12:25 EST" duration-ms="873" status="PASS">
          <reporter-output>
          </reporter-output>
        </test-method> <!-- tearDown -->
        <test-method is-config="true" signature="setUp()[pri:0, instance:com.app.testcases.LoginPageTest@5e4c8041]" started-at="2020-02-26T11:12:25 EST" name="setUp" finished-at="2020-02-26T11:12:39 EST" duration-ms="13773" status="PASS">
          <reporter-output>
          </reporter-output>
        </test-method> <!-- setUp -->
        <test-method signature="verify_loginFunction()[pri:2, instance:com.app.testcases.LoginPageTest@5e4c8041]" started-at="2020-02-26T11:12:39 EST" name="verify_loginFunction" finished-at="2020-02-26T11:12:40 EST" duration-ms="538" status="PASS">
          <reporter-output>
          </reporter-output>
        </test-method> <!-- verify_loginFunction -->
        <test-method is-config="true" signature="tearDown()[pri:0, instance:com.app.testcases.LoginPageTest@5e4c8041]" started-at="2020-02-26T11:12:40 EST" name="tearDown" finished-at="2020-02-26T11:12:40 EST" duration-ms="938" status="PASS">
          <reporter-output>
          </reporter-output>
        </test-method> <!-- tearDown -->
      </class> <!-- com.app.testcases.LoginPageTest -->
    </test> <!-- Default test -->
  </suite> <!-- Default suite -->
</testng-results>
